  LoginForm.cpp
C:\Program Files (x86)\Windows Kits\10\Include\10.0.22000.0\um\urlmon.h(7155,49): error C2065: 'IServiceProvider': undeclared identifier
C:\Program Files (x86)\Windows Kits\10\Include\10.0.22000.0\um\urlmon.h(7155,67): error C2065: 'pSP': undeclared identifier
C:\Program Files (x86)\Windows Kits\10\Include\10.0.22000.0\um\urlmon.h(7155,108): error C2065: 'ppSM': undeclared identifier
C:\Program Files (x86)\Windows Kits\10\Include\10.0.22000.0\um\urlmon.h(7155,81): error C2275: 'IInternetSecurityManager': expected an expression instead of a type
C:\Program Files (x86)\Windows Kits\10\Include\10.0.22000.0\um\urlmon.h(7155,114): error C2275: 'DWORD': expected an expression instead of a type
C:\Program Files (x86)\Windows Kits\10\Include\10.0.22000.0\um\urlmon.h(7155,120): error C2146: syntax error: missing ')' before identifier 'dwReserved'
C:\Program Files (x86)\Windows Kits\10\Include\10.0.22000.0\um\urlmon.h(7157,45): error C2065: 'IServiceProvider': undeclared identifier
C:\Program Files (x86)\Windows Kits\10\Include\10.0.22000.0\um\urlmon.h(7157,63): error C2065: 'pSP': undeclared identifier
C:\Program Files (x86)\Windows Kits\10\Include\10.0.22000.0\um\urlmon.h(7157,100): error C2065: 'ppZM': undeclared identifier
C:\Program Files (x86)\Windows Kits\10\Include\10.0.22000.0\um\urlmon.h(7157,77): error C2275: 'IInternetZoneManager': expected an expression instead of a type
C:\Program Files (x86)\Windows Kits\10\Include\10.0.22000.0\um\urlmon.h(7157,106): error C2275: 'DWORD': expected an expression instead of a type
C:\Program Files (x86)\Windows Kits\10\Include\10.0.22000.0\um\urlmon.h(7157,112): error C2146: syntax error: missing ')' before identifier 'dwReserved'
  Programe.cpp
C:\Program Files (x86)\Windows Kits\10\Include\10.0.22000.0\um\urlmon.h(7155,49): error C2065: 'IServiceProvider': undeclared identifier
C:\Program Files (x86)\Windows Kits\10\Include\10.0.22000.0\um\urlmon.h(7155,67): error C2065: 'pSP': undeclared identifier
C:\Program Files (x86)\Windows Kits\10\Include\10.0.22000.0\um\urlmon.h(7155,108): error C2065: 'ppSM': undeclared identifier
C:\Program Files (x86)\Windows Kits\10\Include\10.0.22000.0\um\urlmon.h(7155,81): error C2275: 'IInternetSecurityManager': expected an expression instead of a type
C:\Program Files (x86)\Windows Kits\10\Include\10.0.22000.0\um\urlmon.h(7155,114): error C2275: 'DWORD': expected an expression instead of a type
C:\Program Files (x86)\Windows Kits\10\Include\10.0.22000.0\um\urlmon.h(7155,120): error C2146: syntax error: missing ')' before identifier 'dwReserved'
C:\Program Files (x86)\Windows Kits\10\Include\10.0.22000.0\um\urlmon.h(7157,45): error C2065: 'IServiceProvider': undeclared identifier
C:\Program Files (x86)\Windows Kits\10\Include\10.0.22000.0\um\urlmon.h(7157,63): error C2065: 'pSP': undeclared identifier
C:\Program Files (x86)\Windows Kits\10\Include\10.0.22000.0\um\urlmon.h(7157,100): error C2065: 'ppZM': undeclared identifier
C:\Program Files (x86)\Windows Kits\10\Include\10.0.22000.0\um\urlmon.h(7157,77): error C2275: 'IInternetZoneManager': expected an expression instead of a type
C:\Program Files (x86)\Windows Kits\10\Include\10.0.22000.0\um\urlmon.h(7157,106): error C2275: 'DWORD': expected an expression instead of a type
C:\Program Files (x86)\Windows Kits\10\Include\10.0.22000.0\um\urlmon.h(7157,112): error C2146: syntax error: missing ')' before identifier 'dwReserved'
C:\Users\vadim\source\repos\123\123\Programe.cpp(10,1): warning C4829: Possibly incorrect parameters to function main. Consider 'int main(Platform::Array<Platform::String^>^ argv)'
  Generating Code...
