c:\users\vadim\source\repos\prjct\prjct\x64\debug\vc143.pdb
c:\users\vadim\source\repos\prjct\prjct\x64\debug\.netframework,version=v4.7.2.assemblyattributes.obj
c:\users\vadim\source\repos\prjct\prjct\x64\debug\switchform.obj
c:\users\vadim\source\repos\prjct\prjct\x64\debug\registerform.obj
c:\users\vadim\source\repos\prjct\prjct\x64\debug\mainform.obj
c:\users\vadim\source\repos\prjct\prjct\x64\debug\creattest.obj
c:\users\vadim\source\repos\prjct\prjct\x64\debug\program.obj
c:\users\vadim\source\repos\prjct\prjct\x64\debug\loginform.obj
c:\users\vadim\source\repos\prjct\x64\debug\prjct.exe
c:\users\vadim\source\repos\prjct\x64\debug\prjct.pdb
c:\users\vadim\source\repos\prjct\prjct\x64\debug\prjct.tlog\cl.command.1.tlog
c:\users\vadim\source\repos\prjct\prjct\x64\debug\prjct.tlog\cl.read.1.tlog
c:\users\vadim\source\repos\prjct\prjct\x64\debug\prjct.tlog\cl.write.1.tlog
c:\users\vadim\source\repos\prjct\prjct\x64\debug\prjct.tlog\link.command.1.tlog
c:\users\vadim\source\repos\prjct\prjct\x64\debug\prjct.tlog\link.read.1.tlog
c:\users\vadim\source\repos\prjct\prjct\x64\debug\prjct.tlog\link.write.1.tlog
c:\users\vadim\source\repos\prjct\prjct\x64\debug\prjct.tlog\metagen.read.1.tlog
c:\users\vadim\source\repos\prjct\prjct\x64\debug\prjct.tlog\metagen.write.1.tlog
c:\users\vadim\source\repos\prjct\prjct\x64\debug\prjct.tlog\resgen.command.1.tlog
c:\users\vadim\source\repos\prjct\prjct\x64\debug\prjct.tlog\resgen.read.1.tlog
c:\users\vadim\source\repos\prjct\prjct\x64\debug\prjct.tlog\resgen.write.1.tlog
