  LoginForm.cpp
C:\Program Files (x86)\Windows Kits\10\Include\10.0.22000.0\um\urlmon.h(7155,49): error C2065: 'IServiceProvider': undeclared identifier
C:\Program Files (x86)\Windows Kits\10\Include\10.0.22000.0\um\urlmon.h(7155,67): error C2065: 'pSP': undeclared identifier
C:\Program Files (x86)\Windows Kits\10\Include\10.0.22000.0\um\urlmon.h(7155,108): error C2065: 'ppSM': undeclared identifier
C:\Program Files (x86)\Windows Kits\10\Include\10.0.22000.0\um\urlmon.h(7155,81): error C2275: 'IInternetSecurityManager': expected an expression instead of a type
C:\Program Files (x86)\Windows Kits\10\Include\10.0.22000.0\um\urlmon.h(7155,114): error C2275: 'DWORD': expected an expression instead of a type
C:\Program Files (x86)\Windows Kits\10\Include\10.0.22000.0\um\urlmon.h(7155,120): error C2146: syntax error: missing ')' before identifier 'dwReserved'
C:\Program Files (x86)\Windows Kits\10\Include\10.0.22000.0\um\urlmon.h(7157,45): error C2065: 'IServiceProvider': undeclared identifier
C:\Program Files (x86)\Windows Kits\10\Include\10.0.22000.0\um\urlmon.h(7157,63): error C2065: 'pSP': undeclared identifier
C:\Program Files (x86)\Windows Kits\10\Include\10.0.22000.0\um\urlmon.h(7157,100): error C2065: 'ppZM': undeclared identifier
C:\Program Files (x86)\Windows Kits\10\Include\10.0.22000.0\um\urlmon.h(7157,77): error C2275: 'IInternetZoneManager': expected an expression instead of a type
C:\Program Files (x86)\Windows Kits\10\Include\10.0.22000.0\um\urlmon.h(7157,106): error C2275: 'DWORD': expected an expression instead of a type
C:\Program Files (x86)\Windows Kits\10\Include\10.0.22000.0\um\urlmon.h(7157,112): error C2146: syntax error: missing ')' before identifier 'dwReserved'
  Program.cpp
C:\Program Files (x86)\Windows Kits\10\Include\10.0.22000.0\um\urlmon.h(7155,49): error C2065: 'IServiceProvider': undeclared identifier
C:\Program Files (x86)\Windows Kits\10\Include\10.0.22000.0\um\urlmon.h(7155,67): error C2065: 'pSP': undeclared identifier
C:\Program Files (x86)\Windows Kits\10\Include\10.0.22000.0\um\urlmon.h(7155,108): error C2065: 'ppSM': undeclared identifier
C:\Program Files (x86)\Windows Kits\10\Include\10.0.22000.0\um\urlmon.h(7155,81): error C2275: 'IInternetSecurityManager': expected an expression instead of a type
C:\Program Files (x86)\Windows Kits\10\Include\10.0.22000.0\um\urlmon.h(7155,114): error C2275: 'DWORD': expected an expression instead of a type
C:\Program Files (x86)\Windows Kits\10\Include\10.0.22000.0\um\urlmon.h(7155,120): error C2146: syntax error: missing ')' before identifier 'dwReserved'
C:\Program Files (x86)\Windows Kits\10\Include\10.0.22000.0\um\urlmon.h(7157,45): error C2065: 'IServiceProvider': undeclared identifier
C:\Program Files (x86)\Windows Kits\10\Include\10.0.22000.0\um\urlmon.h(7157,63): error C2065: 'pSP': undeclared identifier
C:\Program Files (x86)\Windows Kits\10\Include\10.0.22000.0\um\urlmon.h(7157,100): error C2065: 'ppZM': undeclared identifier
C:\Program Files (x86)\Windows Kits\10\Include\10.0.22000.0\um\urlmon.h(7157,77): error C2275: 'IInternetZoneManager': expected an expression instead of a type
C:\Program Files (x86)\Windows Kits\10\Include\10.0.22000.0\um\urlmon.h(7157,106): error C2275: 'DWORD': expected an expression instead of a type
C:\Program Files (x86)\Windows Kits\10\Include\10.0.22000.0\um\urlmon.h(7157,112): error C2146: syntax error: missing ')' before identifier 'dwReserved'
  RegisterForm.cpp
C:\Users\vadim\source\repos\PRJCT\PRJCT\RegisterForm.h(205,7): error C2039: 'ifstream': is not a member of 'std'
C:\Users\vadim\source\repos\PRJCT\PRJCT\predefined C++ types (compiler internal)(342,11): message : see declaration of 'std'
C:\Users\vadim\source\repos\PRJCT\PRJCT\RegisterForm.h(205,1): error C2065: 'ifstream': undeclared identifier
C:\Users\vadim\source\repos\PRJCT\PRJCT\RegisterForm.h(205,16): error C2146: syntax error: missing ';' before identifier 'infile'
C:\Users\vadim\source\repos\PRJCT\PRJCT\RegisterForm.h(205,16): error C3861: 'infile': identifier not found
C:\Users\vadim\source\repos\PRJCT\PRJCT\RegisterForm.h(206,7): error C2039: 'ofstream': is not a member of 'std'
C:\Users\vadim\source\repos\PRJCT\PRJCT\predefined C++ types (compiler internal)(342,11): message : see declaration of 'std'
C:\Users\vadim\source\repos\PRJCT\PRJCT\RegisterForm.h(206,1): error C2065: 'ofstream': undeclared identifier
C:\Users\vadim\source\repos\PRJCT\PRJCT\RegisterForm.h(206,16): error C2146: syntax error: missing ';' before identifier 'outfile'
C:\Users\vadim\source\repos\PRJCT\PRJCT\RegisterForm.h(206,41): error C2039: 'ios': is not a member of 'std'
C:\Users\vadim\source\repos\PRJCT\PRJCT\predefined C++ types (compiler internal)(342,11): message : see declaration of 'std'
C:\Users\vadim\source\repos\PRJCT\PRJCT\RegisterForm.h(206,41): error C3083: 'ios': the symbol to the left of a '::' must be a type
C:\Users\vadim\source\repos\PRJCT\PRJCT\RegisterForm.h(206,46): error C2039: 'app': is not a member of 'std'
C:\Users\vadim\source\repos\PRJCT\PRJCT\predefined C++ types (compiler internal)(342,11): message : see declaration of 'std'
C:\Users\vadim\source\repos\PRJCT\PRJCT\RegisterForm.h(206,1): error C2065: 'app': undeclared identifier
C:\Users\vadim\source\repos\PRJCT\PRJCT\RegisterForm.h(206,16): error C3861: 'outfile': identifier not found
  Generating Code...
